Copyright 1986-2018 Xilinx, Inc. All Rights Reserved.
----------------------------------------------------------------------------------------------------------------------------------------------------------------------------------
| Tool Version     : Vivado v.2018.3 (win64) Build 2405991 Thu Dec  6 23:38:27 MST 2018
| Date             : Tue Jan 14 14:13:47 2020
| Host             : LAPTOP-8LPHHTO8 running 64-bit major release  (build 9200)
| Command          : report_power -file mnist_design_wrapper_power_routed.rpt -pb mnist_design_wrapper_power_summary_routed.pb -rpx mnist_design_wrapper_power_routed.rpx
| Design           : mnist_design_wrapper
| Device           : xc7z020clg400-1
| Design State     : routed
| Grade            : commercial
| Process          : typical
| Characterization : Production
----------------------------------------------------------------------------------------------------------------------------------------------------------------------------------

Power Report

Table of Contents
-----------------
1. Summary
1.1 On-Chip Components
1.2 Power Supply Summary
1.3 Confidence Level
2. Settings
2.1 Environment
2.2 Clock Constraints
3. Detailed Reports
3.1 By Hierarchy

1. Summary
----------

+--------------------------+--------------+
| Total On-Chip Power (W)  | 1.502        |
| Design Power Budget (W)  | Unspecified* |
| Power Budget Margin (W)  | NA           |
| Dynamic (W)              | 1.364        |
| Device Static (W)        | 0.138        |
| Effective TJA (C/W)      | 11.5         |
| Max Ambient (C)          | 67.7         |
| Junction Temperature (C) | 42.3         |
| Confidence Level         | Medium       |
| Setting File             | ---          |
| Simulation Activity File | ---          |
| Design Nets Matched      | NA           |
+--------------------------+--------------+
* Specify Design Power Budget using, set_operating_conditions -design_power_budget <value in Watts>


1.1 On-Chip Components
----------------------

+--------------------------+-----------+----------+-----------+-----------------+
| On-Chip                  | Power (W) | Used     | Available | Utilization (%) |
+--------------------------+-----------+----------+-----------+-----------------+
| Clocks                   |     0.032 |        3 |       --- |             --- |
| Slice Logic              |     0.023 |    20932 |       --- |             --- |
|   LUT as Logic           |     0.019 |     6541 |     53200 |           12.30 |
|   LUT as Distributed RAM |     0.003 |      940 |     17400 |            5.40 |
|   Register               |     0.001 |     9534 |    106400 |            8.96 |
|   CARRY4                 |    <0.001 |      161 |     13300 |            1.21 |
|   LUT as Shift Register  |    <0.001 |      215 |     17400 |            1.24 |
|   F7/F8 Muxes            |    <0.001 |       50 |     53200 |            0.09 |
|   Others                 |     0.000 |      813 |       --- |             --- |
| Signals                  |     0.027 |    13487 |       --- |             --- |
| Block RAM                |     0.025 |       12 |       140 |            8.57 |
| PS7                      |     1.256 |        1 |       --- |             --- |
| Static Power             |     0.138 |          |           |                 |
| Total                    |     1.502 |          |           |                 |
+--------------------------+-----------+----------+-----------+-----------------+


1.2 Power Supply Summary
------------------------

+-----------+-------------+-----------+-------------+------------+
| Source    | Voltage (V) | Total (A) | Dynamic (A) | Static (A) |
+-----------+-------------+-----------+-------------+------------+
| Vccint    |       1.000 |     0.120 |       0.106 |      0.014 |
| Vccaux    |       1.800 |     0.014 |       0.000 |      0.014 |
| Vcco33    |       3.300 |     0.000 |       0.000 |      0.000 |
| Vcco25    |       2.500 |     0.000 |       0.000 |      0.000 |
| Vcco18    |       1.800 |     0.000 |       0.000 |      0.000 |
| Vcco15    |       1.500 |     0.000 |       0.000 |      0.000 |
| Vcco135   |       1.350 |     0.000 |       0.000 |      0.000 |
| Vcco12    |       1.200 |     0.000 |       0.000 |      0.000 |
| Vccaux_io |       1.800 |     0.000 |       0.000 |      0.000 |
| Vccbram   |       1.000 |     0.003 |       0.002 |      0.002 |
| MGTAVcc   |       1.000 |     0.000 |       0.000 |      0.000 |
| MGTAVtt   |       1.200 |     0.000 |       0.000 |      0.000 |
| MGTVccaux |       1.800 |     0.000 |       0.000 |      0.000 |
| Vccpint   |       1.000 |     0.675 |       0.647 |      0.028 |
| Vccpaux   |       1.800 |     0.036 |       0.026 |      0.010 |
| Vccpll    |       1.800 |     0.017 |       0.014 |      0.003 |
| Vcco_ddr  |       1.500 |     0.354 |       0.352 |      0.002 |
| Vcco_mio0 |       3.300 |     0.003 |       0.002 |      0.001 |
| Vcco_mio1 |       1.800 |     0.003 |       0.002 |      0.001 |
| Vccadc    |       1.800 |     0.020 |       0.000 |      0.020 |
+-----------+-------------+-----------+-------------+------------+


1.3 Confidence Level
--------------------

+-----------------------------+------------+------------------------------------------------+------------------------------------------------------------------------------------------------------------+
| User Input Data             | Confidence | Details                                        | Action                                                                                                     |
+-----------------------------+------------+------------------------------------------------+------------------------------------------------------------------------------------------------------------+
| Design implementation state | High       | Design is routed                               |                                                                                                            |
| Clock nodes activity        | High       | User specified more than 95% of clocks         |                                                                                                            |
| I/O nodes activity          | High       | User specified more than 95% of inputs         |                                                                                                            |
| Internal nodes activity     | Medium     | User specified less than 25% of internal nodes | Provide missing internal nodes activity with simulation results or by editing the "By Resource Type" views |
| Device models               | High       | Device models are Production                   |                                                                                                            |
|                             |            |                                                |                                                                                                            |
| Overall confidence level    | Medium     |                                                |                                                                                                            |
+-----------------------------+------------+------------------------------------------------+------------------------------------------------------------------------------------------------------------+


2. Settings
-----------

2.1 Environment
---------------

+-----------------------+------------------------+
| Ambient Temp (C)      | 25.0                   |
| ThetaJA (C/W)         | 11.5                   |
| Airflow (LFM)         | 250                    |
| Heat Sink             | none                   |
| ThetaSA (C/W)         | 0.0                    |
| Board Selection       | medium (10"x10")       |
| # of Board Layers     | 8to11 (8 to 11 Layers) |
| Board Temperature (C) | 25.0                   |
+-----------------------+------------------------+


2.2 Clock Constraints
---------------------

+------------+-----------------------------------------------------------------+-----------------+
| Clock      | Domain                                                          | Constraint (ns) |
+------------+-----------------------------------------------------------------+-----------------+
| clk_fpga_0 | mnist_design_i/processing_system7_0/inst/FCLK_CLK_unbuffered[0] |            10.0 |
+------------+-----------------------------------------------------------------+-----------------+


3. Detailed Reports
-------------------

3.1 By Hierarchy
----------------

+--------------------------+-----------+
| Name                     | Power (W) |
+--------------------------+-----------+
| mnist_design_wrapper     |     1.364 |
|   mnist_design_i         |     1.364 |
|     axi_bram_ctrl_0      |     0.002 |
|       U0                 |     0.002 |
|     axi_bram_ctrl_1      |     0.002 |
|       U0                 |     0.002 |
|     axi_bram_ctrl_2      |     0.002 |
|       U0                 |     0.002 |
|     axi_cdma_0           |     0.004 |
|       U0                 |     0.004 |
|     axi_gpio_0           |     0.001 |
|       U0                 |     0.001 |
|     blk_mem_gen_0        |     0.012 |
|       U0                 |     0.012 |
|     blk_mem_gen_1        |     0.008 |
|       U0                 |     0.008 |
|     blk_mem_gen_2        |     0.007 |
|       U0                 |     0.007 |
|     conv_0               |     0.009 |
|       inst               |     0.009 |
|     processing_system7_0 |     1.257 |
|       inst               |     1.257 |
|     ps7_0_axi_periph     |     0.004 |
|       s00_couplers       |     0.003 |
|     smartconnect_0       |     0.055 |
|       inst               |     0.055 |
+--------------------------+-----------+


